<?xml version="1.0" encoding="UTF-8"?>
<!-- Generated by org.testng.reporters.JUnitReportReporter -->
<testsuite skipped="0" hostname="hp-PC" name="samplegittest.SampleGitTest" tests="1" failures="0" timestamp="16 Jun 2018 05:20:09 GMT" time="41.635" errors="0">
  <testcase name="loginTest" time="41.635" classname="samplegittest.SampleGitTest"/>
</testsuite> <!-- samplegittest.SampleGitTest -->
